file					avl_time	set_time	ratio
bench/test_001.in	0.00142772	0.00179023	1.25
bench/test_002.in	0.00390248	0.00565612	1.45
bench/test_003.in	0.0077639	0.0122785	1.58
bench/test_004.in	0.0132355	0.0234239	1.77
bench/test_005.in	0.0197554	0.0329775	1.67
bench/test_006.in	0.0350205	0.0543888	1.55
bench/test_007.in	0.0445964	0.0808295	1.81
bench/test_008.in	0.0608596	0.121356	1.99
bench/test_009.in	0.0769354	0.149157	1.94
bench/test_010.in	0.106562	0.213922	2.01
bench/test_011.in	0.127786	0.265355	2.08
bench/test_012.in	0.156321	0.325387	2.08
bench/test_013.in	0.192205	0.393338	2.05
bench/test_014.in	0.218544	0.473787	2.17
bench/test_015.in	0.259087	0.554764	2.14
bench/test_016.in	0.305656	0.648132	2.12
bench/test_017.in	0.343953	0.746803	2.17
bench/test_018.in	0.384324	0.84358 	2.19
bench/test_019.in	0.433371	0.967322	2.23
bench/test_020.in	0.505996	1.10308 	2.18
bench/test_021.in	0.549068	1.23917 	2.26
bench/test_022.in	0.611986	1.36703 	2.23
bench/test_023.in	0.678722	1.5038  	2.22
bench/test_024.in	0.726293	1.64742 	2.27
bench/test_025.in	0.768083	1.75699 	2.29
bench/test_026.in	0.861728	1.97871 	2.3 
bench/test_027.in	0.920508	2.09811 	2.28
bench/test_028.in	1.00205 	2.30885 	2.3 
bench/test_029.in	1.04757 	2.42691 	2.32
bench/test_030.in	1.17536 	2.73467 	2.33
bench/test_031.in	1.24246 	2.86412 	2.31
bench/test_032.in	1.32218 	3.07897 	2.33
bench/test_033.in	1.38185 	3.27729 	2.37
bench/test_034.in	1.47889 	3.45254 	2.33
bench/test_035.in	1.58082 	3.7436  	2.37
bench/test_036.in	1.65838 	3.89746 	2.35
bench/test_037.in	1.7909  	4.17595 	2.33
bench/test_038.in	1.86927 	4.42334 	2.37
bench/test_039.in	2.00575 	4.69327 	2.34
bench/test_040.in	2.0472  	4.80561 	2.35
bench/test_041.in	2.18657 	5.10235 	2.33
bench/test_042.in	2.32126 	5.49304 	2.37
bench/test_043.in	2.44005 	5.83001 	2.39
bench/test_044.in	2.52492 	5.9538  	2.36
bench/test_045.in	2.65972 	6.29213 	2.37
bench/test_046.in	2.7519  	6.53771 	2.38
bench/test_047.in	2.8927  	6.78322 	2.34
bench/test_048.in	3.05325 	7.17145 	2.35
bench/test_049.in	3.12086 	7.38143 	2.37
